<?xml version="1.0" encoding="UTF-8"?>
<!-- Generated by org.testng.reporters.JUnitReportReporter -->
<testsuite hostname="DESKTOP-7G633CK" failures="0" tests="4" name="com.obsqura.testscripts.LoginTest" time="36.075" errors="0" timestamp="2023-04-27T08:15:01 IST" skipped="0">
  <testcase classname="com.obsqura.testscripts.LoginTest" name="verifyingLoginPageWithValidUserNameAndValidPassword" time="6.569"/>
  <system-out/>
  <testcase classname="com.obsqura.testscripts.LoginTest" name="verifyingLoginPageWithInValidUserNameAndValidPassword" time="14.925"/>
  <system-out/>
  <testcase classname="com.obsqura.testscripts.LoginTest" name="verifyingLoginPageWithInValidUserNameAndInValidPassword" time="8.215"/>
  <system-out/>
  <testcase classname="com.obsqura.testscripts.LoginTest" name="verifyingLoginPageWithValidUserNameAndInValidPassword" time="6.366"/>
  <system-out/>
</testsuite> <!-- com.obsqura.testscripts.LoginTest -->
