<?xml version="1.0" encoding="UTF-8"?>
<!-- Generated by org.testng.reporters.JUnitReportReporter -->
<testsuite hostname="DESKTOP-7G633CK" failures="0" tests="1" name="com.obsqura.testscripts.ManageUserTest" time="20.889" errors="0" timestamp="2023-05-04T18:56:51 IST" skipped="0">
  <testcase classname="com.obsqura.testscripts.ManageUserTest" name="verifyDeleteButtonFunctionalityInManageUserPage" time="20.889"/>
  <system-out/>
</testsuite> <!-- com.obsqura.testscripts.ManageUserTest -->
