<?xml version="1.0" encoding="UTF-8"?>
<!-- Generated by org.testng.reporters.JUnitReportReporter -->
<testsuite hostname="DESKTOP-7G633CK" failures="0" tests="2" name="com.obsqura.testscripts.PushNotificationTest" time="48.519" errors="0" timestamp="2023-04-19T20:45:55 IST" skipped="0">
  <testcase classname="com.obsqura.testscripts.PushNotificationTest" name="verifyPushNotificationPageNavigationFromDashBoard" time="26.952"/>
  <system-out/>
  <testcase classname="com.obsqura.testscripts.PushNotificationTest" name="sendingNotificationByEnteringValueInFieldsOfPushNotificationPage" time="21.567"/>
  <system-out/>
</testsuite> <!-- com.obsqura.testscripts.PushNotificationTest -->
