<?xml version="1.0" encoding="UTF-8"?>
<!-- Generated by org.testng.reporters.JUnitReportReporter -->
<testsuite hostname="DESKTOP-7G633CK" failures="0" tests="1" name="com.obsqura.testscripts.ManageSliderTest" time="17.939" errors="0" timestamp="2023-04-23T14:05:26 IST" skipped="0">
  <testcase classname="com.obsqura.testscripts.ManageSliderTest" name="verifyDeleteFunctionality" time="17.939"/>
  <system-out/>
</testsuite> <!-- com.obsqura.testscripts.ManageSliderTest -->
