<?xml version="1.0" encoding="UTF-8"?>
<!-- Generated by org.testng.reporters.JUnitReportReporter -->
<testsuite hostname="DESKTOP-7G633CK" failures="0" tests="1" name="com.obsqura.testscripts.ManageLocationTest" time="17.351" errors="0" timestamp="2023-04-23T13:30:04 IST" skipped="0">
  <testcase classname="com.obsqura.testscripts.ManageLocationTest" name="verifyIfNewButtonIsAllignedBeforeSearchButton" time="17.351"/>
  <system-out/>
</testsuite> <!-- com.obsqura.testscripts.ManageLocationTest -->
