<?xml version="1.0" encoding="UTF-8"?>
<!-- Generated by org.testng.reporters.JUnitReportReporter -->
<testsuite hostname="DESKTOP-7G633CK" failures="0" tests="1" name="com.obsqura.testscripts.PushNotificationTest" time="16.936" errors="0" timestamp="2023-04-24T20:34:55 IST" skipped="0">
  <testcase classname="com.obsqura.testscripts.PushNotificationTest" name="verifyPushNotificationPageNavigationFromDashBoard" time="16.936"/>
  <system-out/>
</testsuite> <!-- com.obsqura.testscripts.PushNotificationTest -->
