<?xml version="1.0" encoding="UTF-8"?>
<!-- Generated by org.testng.reporters.JUnitReportReporter -->
<testsuite hostname="DESKTOP-7G633CK" failures="0" tests="1" name="com.obsqura.testscripts.ManageProductTest" time="14.801" errors="0" timestamp="2023-04-23T17:41:03 IST" skipped="0">
  <testcase classname="com.obsqura.testscripts.ManageProductTest" name="verifyAllignmentOfNewButtonAndSearchButton" time="14.801"/>
  <system-out/>
</testsuite> <!-- com.obsqura.testscripts.ManageProductTest -->
