<?xml version="1.0" encoding="UTF-8"?>
<!-- Generated by org.testng.reporters.JUnitReportReporter -->
<testsuite hostname="DESKTOP-7G633CK" failures="0" tests="3" name="com.obsqura.testscripts.PushNotificationTest" time="32.922" errors="0" timestamp="2023-04-25T23:33:11 IST" skipped="0">
  <testcase classname="com.obsqura.testscripts.PushNotificationTest" name="verifyPushNotificationPageNavigationFromDashBoard" time="9.345"/>
  <system-out/>
  <testcase classname="com.obsqura.testscripts.PushNotificationTest" name="verifyIfSendButtonIsAllignedBelowDescriptionField" time="11.609"/>
  <system-out/>
  <testcase classname="com.obsqura.testscripts.PushNotificationTest" name="sendingNotificationByEnteringValueInFieldsOfPushNotificationPage" time="11.968"/>
  <system-out/>
</testsuite> <!-- com.obsqura.testscripts.PushNotificationTest -->
