<?xml version="1.0" encoding="UTF-8"?>
<!-- Generated by org.testng.reporters.JUnitReportReporter -->
<testsuite hostname="DESKTOP-7G633CK" failures="0" tests="1" name="com.obsqura.testscripts.Base" time="8.463" errors="0" timestamp="2023-04-03T18:42:02 IST" skipped="0">
  <testcase classname="com.obsqura.testscripts.Base" name="testdemo" time="8.463"/>
  <system-out/>
</testsuite> <!-- com.obsqura.testscripts.Base -->
