<?xml version="1.0" encoding="UTF-8"?>
<!-- Generated by org.testng.reporters.JUnitReportReporter -->
<testsuite hostname="DESKTOP-7G633CK" failures="0" tests="1" name="com.obsqura.testscripts.PushNotificationTest" time="11.542" errors="0" timestamp="2023-04-16T14:08:53 IST" skipped="0">
  <testcase classname="com.obsqura.testscripts.PushNotificationTest" name="enterValueInFieldsOfPushNotificationPage" time="11.542"/>
  <system-out/>
</testsuite> <!-- com.obsqura.testscripts.PushNotificationTest -->
