<?xml version="1.0" encoding="UTF-8"?>
<!-- Generated by org.testng.reporters.JUnitReportReporter -->
<testsuite hostname="DESKTOP-7G633CK" failures="0" tests="1" name="com.obsqura.testscripts.LoginPageTest" time="14.638" errors="0" timestamp="2023-04-13T22:10:13 IST" skipped="0">
  <testcase classname="com.obsqura.testscripts.LoginPageTest" name="verifyingLoginPage" time="14.638"/>
  <system-out/>
</testsuite> <!-- com.obsqura.testscripts.LoginPageTest -->
