<?xml version="1.0" encoding="UTF-8"?>
<!-- Generated by org.testng.reporters.JUnitReportReporter -->
<testsuite hostname="DESKTOP-7G633CK" failures="0" tests="1" name="com.obsqura.testscripts.MobileSliderTest" time="15.025" errors="0" timestamp="2023-04-26T20:47:07 IST" skipped="0">
  <testcase classname="com.obsqura.testscripts.MobileSliderTest" name="verifyFunctionalityOfStatusButtoninMobileSlier" time="15.025"/>
  <system-out/>
</testsuite> <!-- com.obsqura.testscripts.MobileSliderTest -->
