<?xml version="1.0" encoding="UTF-8"?>
<!-- Generated by org.testng.reporters.JUnitReportReporter -->
<testsuite hostname="DESKTOP-7G633CK" failures="0" tests="1" name="com.obsqura.testscripts.ManagePaymentTest" time="19.288" errors="0" timestamp="2023-04-22T21:10:56 IST" skipped="0">
  <testcase classname="com.obsqura.testscripts.ManagePaymentTest" name="verifyStatusOfButtonsInStatusField" time="19.288"/>
  <system-out/>
</testsuite> <!-- com.obsqura.testscripts.ManagePaymentTest -->
