<?xml version="1.0" encoding="UTF-8"?>
<!-- Generated by org.testng.reporters.JUnitReportReporter -->
<testsuite hostname="DESKTOP-7G633CK" failures="0" tests="2" name="com.obsqura.testscripts.ManageUserTest" time="17.998" errors="0" timestamp="2023-04-16T13:22:53 IST" skipped="0">
  <testcase classname="com.obsqura.testscripts.ManageUserTest" name="verifyManageUserPageNavigation" time="8.387"/>
  <system-out/>
  <testcase classname="com.obsqura.testscripts.ManageUserTest" name="verifyStatusButtonsInListUserPage" time="9.611"/>
  <system-out/>
</testsuite> <!-- com.obsqura.testscripts.ManageUserTest -->
