<?xml version="1.0" encoding="UTF-8"?>
<!-- Generated by org.testng.reporters.JUnitReportReporter -->
<testsuite hostname="DESKTOP-7G633CK" failures="0" tests="3" name="com.obsqura.testscripts.ManageProductTest" time="34.087" errors="0" timestamp="2023-04-26T07:48:35 IST" skipped="0">
  <testcase classname="com.obsqura.testscripts.ManageProductTest" name="verifyAllignmentOfNewButtonAndSearchButton" time="14.623"/>
  <system-out/>
  <testcase classname="com.obsqura.testscripts.ManageProductTest" name="verifySearchFunctionalityInManageProductPage" time="9.402"/>
  <system-out/>
  <testcase classname="com.obsqura.testscripts.ManageProductTest" name="verifyFuctionalityOfDeleteButton" time="10.062"/>
  <system-out/>
</testsuite> <!-- com.obsqura.testscripts.ManageProductTest -->
