<?xml version="1.0" encoding="UTF-8"?>
<!-- Generated by org.testng.reporters.JUnitReportReporter -->
<testsuite hostname="DESKTOP-7G633CK" failures="0" tests="1" name="com.obsqura.testscripts.MobileSliderTest" time="20.816" errors="0" timestamp="2023-04-24T19:03:50 IST" skipped="0">
  <testcase classname="com.obsqura.testscripts.MobileSliderTest" name="verifyMobileSliderAlertNotification" time="20.816"/>
  <system-out/>
</testsuite> <!-- com.obsqura.testscripts.MobileSliderTest -->
