<?xml version="1.0" encoding="UTF-8"?>
<!-- Generated by org.testng.reporters.JUnitReportReporter -->
<testsuite hostname="DESKTOP-7G633CK" failures="0" tests="1" name="com.obsqura.testscripts.ManageProductTest" time="19.037" errors="0" timestamp="2023-04-24T21:56:46 IST" skipped="0">
  <testcase classname="com.obsqura.testscripts.ManageProductTest" name="verifySearchFunctionalityInManageProductPage" time="19.037"/>
  <system-out/>
</testsuite> <!-- com.obsqura.testscripts.ManageProductTest -->
