<?xml version="1.0" encoding="UTF-8"?>
<!-- Generated by org.testng.reporters.JUnitReportReporter -->
<testsuite hostname="DESKTOP-7G633CK" failures="0" tests="1" name="com.obsqura.testscripts.MobileSliderTest" time="19.531" errors="0" timestamp="2023-04-22T20:05:58 IST" skipped="0">
  <testcase classname="com.obsqura.testscripts.MobileSliderTest" name="verifyMobileSliderAlertNotification" time="19.531"/>
  <system-out/>
</testsuite> <!-- com.obsqura.testscripts.MobileSliderTest -->
