<?xml version="1.0" encoding="UTF-8"?>
<!-- Generated by org.testng.reporters.JUnitReportReporter -->
<testsuite hostname="DESKTOP-7G633CK" failures="0" tests="1" name="com.obsqura.testscripts.LoginTest" time="14.554" errors="0" timestamp="2023-04-24T20:33:16 IST" skipped="0">
  <testcase classname="com.obsqura.testscripts.LoginTest" name="verifyingLoginPageWithValidUserNameAndValidPassword" time="14.554"/>
  <system-out/>
</testsuite> <!-- com.obsqura.testscripts.LoginTest -->
