<?xml version="1.0" encoding="UTF-8"?>
<!-- Generated by org.testng.reporters.JUnitReportReporter -->
<testsuite hostname="DESKTOP-7G633CK" failures="0" tests="2" name="com.obsqura.testscripts.PushNotificationTest" time="26.462" errors="0" timestamp="2023-04-17T07:45:27 IST" skipped="0">
  <testcase classname="com.obsqura.testscripts.PushNotificationTest" name="enterValueInFieldsOfPushNotificationPage" time="12.333"/>
  <system-out/>
  <testcase classname="com.obsqura.testscripts.PushNotificationTest" name="verifyPushnotificationNavigation" time="14.129"/>
  <system-out/>
</testsuite> <!-- com.obsqura.testscripts.PushNotificationTest -->
